<?xml version="1.0" encoding="UTF-8"?>
<!-- Generated by org.testng.reporters.JUnitReportReporter -->
<testsuite hostname="HB-laptops-048" failures="0" tests="1" name="FirstPackage.Project_class" time="7.006" errors="0" timestamp="2021-06-25T01:26:40 EDT" skipped="0">
  <testcase classname="FirstPackage.Project_class" name="testlogo" time="7.006"/>
  <system-out/>
</testsuite> <!-- FirstPackage.Project_class -->
