<?xml version="1.0" encoding="UTF-8"?>
<!-- Generated by org.testng.reporters.JUnitReportReporter -->
<testsuite hostname="HB-laptops-048" failures="0" tests="2" name="FirstPackage.Image_buttons" time="24.691" errors="0" timestamp="2021-06-25T01:26:03 EDT" skipped="0">
  <testcase classname="FirstPackage.Image_buttons" name="buttons" time="13.784"/>
  <system-out/>
  <testcase classname="FirstPackage.Image_buttons" name="imagess" time="10.907"/>
  <system-out/>
</testsuite> <!-- FirstPackage.Image_buttons -->
